0 info it worked if it ends with ok
<<<<<<< HEAD
1 verbose cli [ '/usr/bin/nodejs', '/usr/bin/npm', 'start' ]
2 info using npm@1.4.21
3 info using node@v0.10.29
4 verbose run-script [ 'prestart', 'start', 'poststart' ]
5 info prestart cd-dianne@1.0.0
6 info start cd-dianne@1.0.0
7 verbose unsafe-perm in lifecycle true
8 info cd-dianne@1.0.0 Failed to exec start script
9 error cd-dianne@1.0.0 start: `node server/server.js`
9 error Exit status 8
10 error Failed at the cd-dianne@1.0.0 start script.
10 error This is most likely a problem with the cd-dianne package,
10 error not with npm itself.
10 error Tell the author that this fails on your system:
10 error     node server/server.js
10 error You can get their info via:
10 error     npm owner ls cd-dianne
10 error There is likely additional logging output above.
11 error System Linux 4.4.13-v7+
12 error command "/usr/bin/nodejs" "/usr/bin/npm" "start"
13 error cwd /home/pi/cloning-bay/cd-dianne
14 error node -v v0.10.29
15 error npm -v 1.4.21
16 error code ELIFECYCLE
17 verbose exit [ 1, true ]
=======
1 verbose cli [ '/usr/local/Cellar/node/5.10.0/bin/node',
1 verbose cli   '/usr/local/bin/npm',
1 verbose cli   'start' ]
2 info using npm@3.8.3
3 info using node@v5.10.0
4 verbose run-script [ 'prestart', 'start', 'poststart' ]
5 info lifecycle cd-dianne@1.0.0~prestart: cd-dianne@1.0.0
6 silly lifecycle cd-dianne@1.0.0~prestart: no script for prestart, continuing
7 info lifecycle cd-dianne@1.0.0~start: cd-dianne@1.0.0
8 verbose lifecycle cd-dianne@1.0.0~start: unsafe-perm in lifecycle true
9 verbose lifecycle cd-dianne@1.0.0~start: PATH: /usr/local/lib/node_modules/npm/bin/node-gyp-bin:/Users/sashakramer/workspace/cd-dianne/node_modules/.bin:/usr/local/Cellar/node/5.10.0/bin:/usr/local/bin:/usr/bin:/bin:/usr/sbin:/sbin:/opt/X11/bin
10 verbose lifecycle cd-dianne@1.0.0~start: CWD: /Users/sashakramer/workspace/cd-dianne
11 silly lifecycle cd-dianne@1.0.0~start: Args: [ '-c', 'node server/server.js' ]
12 silly lifecycle cd-dianne@1.0.0~start: Returned: code: 1  signal: null
13 info lifecycle cd-dianne@1.0.0~start: Failed to exec start script
14 verbose stack Error: cd-dianne@1.0.0 start: `node server/server.js`
14 verbose stack Exit status 1
14 verbose stack     at EventEmitter.<anonymous> (/usr/local/lib/node_modules/npm/lib/utils/lifecycle.js:239:16)
14 verbose stack     at emitTwo (events.js:100:13)
14 verbose stack     at EventEmitter.emit (events.js:185:7)
14 verbose stack     at ChildProcess.<anonymous> (/usr/local/lib/node_modules/npm/lib/utils/spawn.js:24:14)
14 verbose stack     at emitTwo (events.js:100:13)
14 verbose stack     at ChildProcess.emit (events.js:185:7)
14 verbose stack     at maybeClose (internal/child_process.js:850:16)
14 verbose stack     at Process.ChildProcess._handle.onexit (internal/child_process.js:215:5)
15 verbose pkgid cd-dianne@1.0.0
16 verbose cwd /Users/sashakramer/workspace/cd-dianne
17 error Darwin 15.6.0
18 error argv "/usr/local/Cellar/node/5.10.0/bin/node" "/usr/local/bin/npm" "start"
19 error node v5.10.0
20 error npm  v3.8.3
21 error code ELIFECYCLE
22 error cd-dianne@1.0.0 start: `node server/server.js`
22 error Exit status 1
23 error Failed at the cd-dianne@1.0.0 start script 'node server/server.js'.
23 error Make sure you have the latest version of node.js and npm installed.
23 error If you do, this is most likely a problem with the cd-dianne package,
23 error not with npm itself.
23 error Tell the author that this fails on your system:
23 error     node server/server.js
23 error You can get information on how to open an issue for this project with:
23 error     npm bugs cd-dianne
23 error Or if that isn't available, you can get their info via:
23 error     npm owner ls cd-dianne
23 error There is likely additional logging output above.
24 verbose exit [ 1, true ]
>>>>>>> 3a3d62b5d2d49d680d27fd37fcaec4744d01ab09
